[30326:30326:0415/002556.217786:WARNING:password_store_factory.cc(261)] Using basic (unencrypted) store for password storage. See https://chromium.googlesource.com/chromium/src/+/master/docs/linux_password_storage.md for more information about password storage options.
[30326:30326:0415/002556.576449:INFO:CONSOLE(0)] "Access to XMLHttpRequest at 'http://ar1n.xyz/anticaptcha/plugin_last_version.json' from origin 'chrome-extension://ckfjhomjaacibfdghmkjnnnnihpmohcf' has been blocked by CORS policy: No 'Access-Control-Allow-Origin' header is present on the requested resource.", source: chrome-extension://ckfjhomjaacibfdghmkjnnnnihpmohcf/_generated_background_page.html (0)
[30326:30326:0415/002556.684461:INFO:CONSOLE(0)] "Access to XMLHttpRequest at 'http://ar1n.xyz/anticaptcha/getAllHostnameSelectors.json' from origin 'chrome-extension://ckfjhomjaacibfdghmkjnnnnihpmohcf' has been blocked by CORS policy: No 'Access-Control-Allow-Origin' header is present on the requested resource.", source: chrome-extension://ckfjhomjaacibfdghmkjnnnnihpmohcf/_generated_background_page.html (0)
[30326:30326:0415/002557.024471:INFO:CONSOLE(1)] "Uncaught TypeError: Cannot read property 'version' of null", source: chrome-extension://ckfjhomjaacibfdghmkjnnnnihpmohcf/js/background/index.js (1)
[30326:30326:0415/002557.524792:INFO:CONSOLE(1)] "Uncaught TypeError: Cannot read property 'version' of null", source: chrome-extension://ckfjhomjaacibfdghmkjnnnnihpmohcf/js/background/index.js (1)
[30326:30326:0415/002557.550358:INFO:CONSOLE(0)] "Unchecked runtime.lastError: Could not establish connection. Receiving end does not exist.", source: chrome-extension://ckfjhomjaacibfdghmkjnnnnihpmohcf/_generated_background_page.html (0)
[30326:30326:0415/002558.024368:INFO:CONSOLE(1)] "Uncaught TypeError: Cannot read property 'version' of null", source: chrome-extension://ckfjhomjaacibfdghmkjnnnnihpmohcf/js/background/index.js (1)
[30326:30326:0415/002558.524497:INFO:CONSOLE(1)] "Uncaught TypeError: Cannot read property 'version' of null", source: chrome-extension://ckfjhomjaacibfdghmkjnnnnihpmohcf/js/background/index.js (1)
[30326:30326:0415/002558.549012:INFO:CONSOLE(0)] "Unchecked runtime.lastError: Could not establish connection. Receiving end does not exist.", source: chrome-extension://ckfjhomjaacibfdghmkjnnnnihpmohcf/_generated_background_page.html (0)
[30326:30326:0415/002559.026804:INFO:CONSOLE(1)] "Uncaught TypeError: Cannot read property 'version' of null", source: chrome-extension://ckfjhomjaacibfdghmkjnnnnihpmohcf/js/background/index.js (1)
[30326:30326:0415/002559.525096:INFO:CONSOLE(1)] "Uncaught TypeError: Cannot read property 'version' of null", source: chrome-extension://ckfjhomjaacibfdghmkjnnnnihpmohcf/js/background/index.js (1)
[30326:30326:0415/002559.549061:INFO:CONSOLE(0)] "Unchecked runtime.lastError: Could not establish connection. Receiving end does not exist.", source: chrome-extension://ckfjhomjaacibfdghmkjnnnnihpmohcf/_generated_background_page.html (0)
[30326:30326:0415/002600.024247:INFO:CONSOLE(1)] "Uncaught TypeError: Cannot read property 'version' of null", source: chrome-extension://ckfjhomjaacibfdghmkjnnnnihpmohcf/js/background/index.js (1)
[30326:30326:0415/002600.524270:INFO:CONSOLE(1)] "Uncaught TypeError: Cannot read property 'version' of null", source: chrome-extension://ckfjhomjaacibfdghmkjnnnnihpmohcf/js/background/index.js (1)
[30326:30326:0415/002600.548955:INFO:CONSOLE(0)] "Unchecked runtime.lastError: Could not establish connection. Receiving end does not exist.", source: chrome-extension://ckfjhomjaacibfdghmkjnnnnihpmohcf/_generated_background_page.html (0)
[30326:30326:0415/002601.024351:INFO:CONSOLE(1)] "Uncaught TypeError: Cannot read property 'version' of null", source: chrome-extension://ckfjhomjaacibfdghmkjnnnnihpmohcf/js/background/index.js (1)
[30326:30326:0415/002601.524547:INFO:CONSOLE(1)] "Uncaught TypeError: Cannot read property 'version' of null", source: chrome-extension://ckfjhomjaacibfdghmkjnnnnihpmohcf/js/background/index.js (1)
[30326:30326:0415/002601.548931:INFO:CONSOLE(0)] "Unchecked runtime.lastError: Could not establish connection. Receiving end does not exist.", source: chrome-extension://ckfjhomjaacibfdghmkjnnnnihpmohcf/_generated_background_page.html (0)
[30326:30326:0415/002602.024490:INFO:CONSOLE(1)] "Uncaught TypeError: Cannot read property 'version' of null", source: chrome-extension://ckfjhomjaacibfdghmkjnnnnihpmohcf/js/background/index.js (1)
[30326:30326:0415/002602.524391:INFO:CONSOLE(1)] "Uncaught TypeError: Cannot read property 'version' of null", source: chrome-extension://ckfjhomjaacibfdghmkjnnnnihpmohcf/js/background/index.js (1)
[30326:30326:0415/002602.548929:INFO:CONSOLE(0)] "Unchecked runtime.lastError: Could not establish connection. Receiving end does not exist.", source: chrome-extension://ckfjhomjaacibfdghmkjnnnnihpmohcf/_generated_background_page.html (0)
[30326:30326:0415/002603.024498:INFO:CONSOLE(1)] "Uncaught TypeError: Cannot read property 'version' of null", source: chrome-extension://ckfjhomjaacibfdghmkjnnnnihpmohcf/js/background/index.js (1)
[30326:30326:0415/002603.524375:INFO:CONSOLE(1)] "Uncaught TypeError: Cannot read property 'version' of null", source: chrome-extension://ckfjhomjaacibfdghmkjnnnnihpmohcf/js/background/index.js (1)
[30326:30326:0415/002603.548929:INFO:CONSOLE(0)] "Unchecked runtime.lastError: Could not establish connection. Receiving end does not exist.", source: chrome-extension://ckfjhomjaacibfdghmkjnnnnihpmohcf/_generated_background_page.html (0)
[30326:30326:0415/002604.024324:INFO:CONSOLE(1)] "Uncaught TypeError: Cannot read property 'version' of null", source: chrome-extension://ckfjhomjaacibfdghmkjnnnnihpmohcf/js/background/index.js (1)
[30326:30326:0415/002604.524368:INFO:CONSOLE(1)] "Uncaught TypeError: Cannot read property 'version' of null", source: chrome-extension://ckfjhomjaacibfdghmkjnnnnihpmohcf/js/background/index.js (1)
[30326:30326:0415/002604.549076:INFO:CONSOLE(0)] "Unchecked runtime.lastError: Could not establish connection. Receiving end does not exist.", source: chrome-extension://ckfjhomjaacibfdghmkjnnnnihpmohcf/_generated_background_page.html (0)
[30326:30326:0415/002605.024311:INFO:CONSOLE(1)] "Uncaught TypeError: Cannot read property 'version' of null", source: chrome-extension://ckfjhomjaacibfdghmkjnnnnihpmohcf/js/background/index.js (1)
[30326:30326:0415/002605.524449:INFO:CONSOLE(1)] "Uncaught TypeError: Cannot read property 'version' of null", source: chrome-extension://ckfjhomjaacibfdghmkjnnnnihpmohcf/js/background/index.js (1)
[30326:30326:0415/002605.549158:INFO:CONSOLE(0)] "Unchecked runtime.lastError: Could not establish connection. Receiving end does not exist.", source: chrome-extension://ckfjhomjaacibfdghmkjnnnnihpmohcf/_generated_background_page.html (0)
[30326:30326:0415/002606.024541:INFO:CONSOLE(1)] "Uncaught TypeError: Cannot read property 'version' of null", source: chrome-extension://ckfjhomjaacibfdghmkjnnnnihpmohcf/js/background/index.js (1)
[30326:30326:0415/002606.524448:INFO:CONSOLE(1)] "Uncaught TypeError: Cannot read property 'version' of null", source: chrome-extension://ckfjhomjaacibfdghmkjnnnnihpmohcf/js/background/index.js (1)
[30326:30326:0415/002606.549014:INFO:CONSOLE(0)] "Unchecked runtime.lastError: Could not establish connection. Receiving end does not exist.", source: chrome-extension://ckfjhomjaacibfdghmkjnnnnihpmohcf/_generated_background_page.html (0)
[30326:30326:0415/002607.032709:INFO:CONSOLE(1)] "Uncaught TypeError: Cannot read property 'version' of null", source: chrome-extension://ckfjhomjaacibfdghmkjnnnnihpmohcf/js/background/index.js (1)
[30326:30326:0415/002607.524361:INFO:CONSOLE(1)] "Uncaught TypeError: Cannot read property 'version' of null", source: chrome-extension://ckfjhomjaacibfdghmkjnnnnihpmohcf/js/background/index.js (1)
[30326:30326:0415/002607.548931:INFO:CONSOLE(0)] "Unchecked runtime.lastError: Could not establish connection. Receiving end does not exist.", source: chrome-extension://ckfjhomjaacibfdghmkjnnnnihpmohcf/_generated_background_page.html (0)
[30326:30326:0415/002608.024441:INFO:CONSOLE(1)] "Uncaught TypeError: Cannot read property 'version' of null", source: chrome-extension://ckfjhomjaacibfdghmkjnnnnihpmohcf/js/background/index.js (1)
[30326:30326:0415/002608.524302:INFO:CONSOLE(1)] "Uncaught TypeError: Cannot read property 'version' of null", source: chrome-extension://ckfjhomjaacibfdghmkjnnnnihpmohcf/js/background/index.js (1)
[30326:30326:0415/002608.549078:INFO:CONSOLE(0)] "Unchecked runtime.lastError: Could not establish connection. Receiving end does not exist.", source: chrome-extension://ckfjhomjaacibfdghmkjnnnnihpmohcf/_generated_background_page.html (0)
[30326:30326:0415/002609.024398:INFO:CONSOLE(1)] "Uncaught TypeError: Cannot read property 'version' of null", source: chrome-extension://ckfjhomjaacibfdghmkjnnnnihpmohcf/js/background/index.js (1)
[30326:30326:0415/002609.524411:INFO:CONSOLE(1)] "Uncaught TypeError: Cannot read property 'version' of null", source: chrome-extension://ckfjhomjaacibfdghmkjnnnnihpmohcf/js/background/index.js (1)
[30326:30326:0415/002609.548893:INFO:CONSOLE(0)] "Unchecked runtime.lastError: Could not establish connection. Receiving end does not exist.", source: chrome-extension://ckfjhomjaacibfdghmkjnnnnihpmohcf/_generated_background_page.html (0)
[30326:30326:0415/002610.024299:INFO:CONSOLE(1)] "Uncaught TypeError: Cannot read property 'version' of null", source: chrome-extension://ckfjhomjaacibfdghmkjnnnnihpmohcf/js/background/index.js (1)
[30326:30326:0415/002610.524392:INFO:CONSOLE(1)] "Uncaught TypeError: Cannot read property 'version' of null", source: chrome-extension://ckfjhomjaacibfdghmkjnnnnihpmohcf/js/background/index.js (1)
[30326:30326:0415/002610.548986:INFO:CONSOLE(0)] "Unchecked runtime.lastError: Could not establish connection. Receiving end does not exist.", source: chrome-extension://ckfjhomjaacibfdghmkjnnnnihpmohcf/_generated_background_page.html (0)
[30362:30362:0415/002610.799000:WARNING:x11_util.cc(1424)] X error received: serial 336, error_code 3 (BadWindow), request_code 4, minor_code 0 (Unknown)
[30362:30534:0415/002610.809572:WARNING:x11_util.cc(1424)] X error received: serial 678, error_code 3 (BadWindow), request_code 4, minor_code 0 (Unknown)
[30326:30326:0415/002611.024307:INFO:CONSOLE(1)] "Uncaught TypeError: Cannot read property 'version' of null", source: chrome-extension://ckfjhomjaacibfdghmkjnnnnihpmohcf/js/background/index.js (1)
[30326:30326:0415/002611.524416:INFO:CONSOLE(1)] "Uncaught TypeError: Cannot read property 'version' of null", source: chrome-extension://ckfjhomjaacibfdghmkjnnnnihpmohcf/js/background/index.js (1)
[30326:30326:0415/002611.548879:INFO:CONSOLE(0)] "Unchecked runtime.lastError: Could not establish connection. Receiving end does not exist.", source: chrome-extension://ckfjhomjaacibfdghmkjnnnnihpmohcf/_generated_background_page.html (0)
[30326:30326:0415/002612.024268:INFO:CONSOLE(1)] "Uncaught TypeError: Cannot read property 'version' of null", source: chrome-extension://ckfjhomjaacibfdghmkjnnnnihpmohcf/js/background/index.js (1)
[30326:30326:0415/002612.524584:INFO:CONSOLE(1)] "Uncaught TypeError: Cannot read property 'version' of null", source: chrome-extension://ckfjhomjaacibfdghmkjnnnnihpmohcf/js/background/index.js (1)
[30326:30326:0415/002612.549234:INFO:CONSOLE(0)] "Unchecked runtime.lastError: Could not establish connection. Receiving end does not exist.", source: chrome-extension://ckfjhomjaacibfdghmkjnnnnihpmohcf/_generated_background_page.html (0)
[30326:30326:0415/002613.024469:INFO:CONSOLE(1)] "Uncaught TypeError: Cannot read property 'version' of null", source: chrome-extension://ckfjhomjaacibfdghmkjnnnnihpmohcf/js/background/index.js (1)
[30326:30326:0415/002613.524482:INFO:CONSOLE(1)] "Uncaught TypeError: Cannot read property 'version' of null", source: chrome-extension://ckfjhomjaacibfdghmkjnnnnihpmohcf/js/background/index.js (1)
[30326:30326:0415/002613.549225:INFO:CONSOLE(0)] "Unchecked runtime.lastError: Could not establish connection. Receiving end does not exist.", source: chrome-extension://ckfjhomjaacibfdghmkjnnnnihpmohcf/_generated_background_page.html (0)
[30326:30326:0415/002614.027991:INFO:CONSOLE(1)] "Uncaught TypeError: Cannot read property 'version' of null", source: chrome-extension://ckfjhomjaacibfdghmkjnnnnihpmohcf/js/background/index.js (1)
[30326:30326:0415/002614.524297:INFO:CONSOLE(1)] "Uncaught TypeError: Cannot read property 'version' of null", source: chrome-extension://ckfjhomjaacibfdghmkjnnnnihpmohcf/js/background/index.js (1)
[30326:30326:0415/002614.549962:INFO:CONSOLE(0)] "Unchecked runtime.lastError: Could not establish connection. Receiving end does not exist.", source: chrome-extension://ckfjhomjaacibfdghmkjnnnnihpmohcf/_generated_background_page.html (0)
[30326:30326:0415/002615.024327:INFO:CONSOLE(1)] "Uncaught TypeError: Cannot read property 'version' of null", source: chrome-extension://ckfjhomjaacibfdghmkjnnnnihpmohcf/js/background/index.js (1)
[30326:30326:0415/002615.524536:INFO:CONSOLE(1)] "Uncaught TypeError: Cannot read property 'version' of null", source: chrome-extension://ckfjhomjaacibfdghmkjnnnnihpmohcf/js/background/index.js (1)
[30326:30326:0415/002615.548993:INFO:CONSOLE(0)] "Unchecked runtime.lastError: Could not establish connection. Receiving end does not exist.", source: chrome-extension://ckfjhomjaacibfdghmkjnnnnihpmohcf/_generated_background_page.html (0)
[30326:30326:0415/002616.024516:INFO:CONSOLE(1)] "Uncaught TypeError: Cannot read property 'version' of null", source: chrome-extension://ckfjhomjaacibfdghmkjnnnnihpmohcf/js/background/index.js (1)
[30326:30326:0415/002616.524642:INFO:CONSOLE(1)] "Uncaught TypeError: Cannot read property 'version' of null", source: chrome-extension://ckfjhomjaacibfdghmkjnnnnihpmohcf/js/background/index.js (1)
[30326:30326:0415/002616.549104:INFO:CONSOLE(0)] "Unchecked runtime.lastError: Could not establish connection. Receiving end does not exist.", source: chrome-extension://ckfjhomjaacibfdghmkjnnnnihpmohcf/_generated_background_page.html (0)
[30326:30326:0415/002617.024554:INFO:CONSOLE(1)] "Uncaught TypeError: Cannot read property 'version' of null", source: chrome-extension://ckfjhomjaacibfdghmkjnnnnihpmohcf/js/background/index.js (1)
[30326:30326:0415/002617.524617:INFO:CONSOLE(1)] "Uncaught TypeError: Cannot read property 'version' of null", source: chrome-extension://ckfjhomjaacibfdghmkjnnnnihpmohcf/js/background/index.js (1)
[30326:30326:0415/002617.549151:INFO:CONSOLE(0)] "Unchecked runtime.lastError: Could not establish connection. Receiving end does not exist.", source: chrome-extension://ckfjhomjaacibfdghmkjnnnnihpmohcf/_generated_background_page.html (0)
[30362:30362:0415/002617.737219:WARNING:x11_util.cc(1424)] X error received: serial 376, error_code 3 (BadWindow), request_code 4, minor_code 0 (Unknown)
[30326:30326:0415/002617.773536:WARNING:pref_notifier_impl.cc(23)] Pref observer found at shutdown.
[30326:30326:0415/002617.773565:WARNING:pref_notifier_impl.cc(23)] Pref observer found at shutdown.
